[debug] [2025-07-31T17:30:36.707Z] ----------------------------------------------------------------------
[debug] [2025-07-31T17:30:36.717Z] Command:       C:\Program Files\nodejs\node.exe C:\Users\yukia\AppData\Roaming\npm\node_modules\firebase-tools\lib\bin\firebase.js init functions
[debug] [2025-07-31T17:30:36.718Z] CLI Version:   14.11.2
[debug] [2025-07-31T17:30:36.718Z] Platform:      win32
[debug] [2025-07-31T17:30:36.718Z] Node Version:  v22.15.0
[debug] [2025-07-31T17:30:36.719Z] Time:          Fri Aug 01 2025 02:30:36 GMT+0900 (GMT+09:00)
[debug] [2025-07-31T17:30:36.719Z] ----------------------------------------------------------------------
[debug] 
[debug] [2025-07-31T17:30:36.941Z] > command requires scopes: ["email","openid","https://www.googleapis.com/auth/cloudplatformprojects.readonly","https://www.googleapis.com/auth/firebase","https://www.googleapis.com/auth/cloud-platform"]
[debug] [2025-07-31T17:30:36.942Z] > authorizing via signed-in user (yuki.abiko1204@gmail.com)
[info] 
     ######## #### ########  ######## ########     ###     ######  ########
     ##        ##  ##     ## ##       ##     ##  ##   ##  ##       ##
     ######    ##  ########  ######   ########  #########  ######  ######
     ##        ##  ##    ##  ##       ##     ## ##     ##       ## ##
     ##       #### ##     ## ######## ########  ##     ##  ######  ########

You're about to initialize a Firebase project in this directory:

  C:\Users\yukia\Downloads\koku-lesson-planner

Before we get started, keep in mind:

  * You are initializing within an existing Firebase project directory

[info] 
=== Project Setup
[info] 
[info] First, let's associate this project directory with a Firebase project.
[info] You can create multiple project aliases by running firebase use --add, 
[info] but for now we'll just set up a default project.
[info] 
[debug] [2025-07-31T17:30:47.861Z] Using project from CLI flag: koku-lesson-planner
[debug] [2025-07-31T17:30:47.863Z] Checked if tokens are valid: true, expires at: 1753984283477
[debug] [2025-07-31T17:30:47.864Z] Checked if tokens are valid: true, expires at: 1753984283477
[debug] [2025-07-31T17:30:47.867Z] >>> [apiv2][query] GET https://firebase.googleapis.com/v1beta1/projects/koku-lesson-planner [none]
[debug] [2025-07-31T17:30:48.448Z] <<< [apiv2][status] GET https://firebase.googleapis.com/v1beta1/projects/koku-lesson-planner 200
[debug] [2025-07-31T17:30:48.449Z] <<< [apiv2][body] GET https://firebase.googleapis.com/v1beta1/projects/koku-lesson-planner {"projectId":"koku-lesson-planner","projectNumber":"269155400063","displayName":"koku-lesson-planner","name":"projects/koku-lesson-planner","resources":{"hostingSite":"koku-lesson-planner"},"state":"ACTIVE","etag":"1_37fedc9f-0662-4ca3-b664-bcad6527a57e"}
[info] i  Using project koku-lesson-planner (koku-lesson-planner) 
[info] 
=== Functions Setup
[debug] [2025-07-31T17:30:48.466Z] > command requires scopes: ["email","openid","https://www.googleapis.com/auth/cloudplatformprojects.readonly","https://www.googleapis.com/auth/firebase","https://www.googleapis.com/auth/cloud-platform"]
[debug] [2025-07-31T17:30:48.467Z] > authorizing via signed-in user (yuki.abiko1204@gmail.com)
[debug] [2025-07-31T17:30:48.468Z] [iam] checking project koku-lesson-planner for permissions ["firebase.projects.get"]
[debug] [2025-07-31T17:30:48.470Z] Checked if tokens are valid: true, expires at: 1753984283477
[debug] [2025-07-31T17:30:48.470Z] Checked if tokens are valid: true, expires at: 1753984283477
[debug] [2025-07-31T17:30:48.471Z] >>> [apiv2][query] POST https://cloudresourcemanager.googleapis.com/v1/projects/koku-lesson-planner:testIamPermissions [none]
[debug] [2025-07-31T17:30:48.471Z] >>> [apiv2][(partial)header] POST https://cloudresourcemanager.googleapis.com/v1/projects/koku-lesson-planner:testIamPermissions x-goog-quota-user=projects/koku-lesson-planner
[debug] [2025-07-31T17:30:48.471Z] >>> [apiv2][body] POST https://cloudresourcemanager.googleapis.com/v1/projects/koku-lesson-planner:testIamPermissions {"permissions":["firebase.projects.get"]}
[debug] [2025-07-31T17:30:49.136Z] <<< [apiv2][status] POST https://cloudresourcemanager.googleapis.com/v1/projects/koku-lesson-planner:testIamPermissions 200
[debug] [2025-07-31T17:30:49.137Z] <<< [apiv2][body] POST https://cloudresourcemanager.googleapis.com/v1/projects/koku-lesson-planner:testIamPermissions {"permissions":["firebase.projects.get"]}
[info] 
Detected existing codebase(s): default

[info] Let's create a new codebase for your functions.
[info] A directory corresponding to the codebase will be created in your project
[info] with sample code pre-configured.

[info] See https://firebase.google.com/docs/functions/organize-functions for
[info] more information on organizing your functions using codebases.

[info] Functions can be deployed with firebase deploy.

[error] Invalid codebase name. Codebase must be less than 64 characters and can contain only lowercase letters, numeric characters, underscores, and dashes.
[error] Invalid codebase name. Codebase must be less than 64 characters and can contain only lowercase letters, numeric characters, underscores, and dashes.
[error] functions.codebase must be unique but 'default' was used more than once.
[error] functions.source must be unique but 'functions' was used more than once.
[error] functions.source must be unique but 'functions' was used more than once.
